{"numFailedTestSuites":1,"numFailedTests":4,"numPassedTestSuites":0,"numPassedTests":0,"numPendingTestSuites":0,"numPendingTests":0,"numRuntimeErrorTestSuites":0,"numTodoTests":0,"numTotalTestSuites":1,"numTotalTests":4,"openHandles":[],"snapshot":{"added":0,"didUpdate":false,"failure":false,"filesAdded":0,"filesRemoved":0,"filesRemovedList":[],"filesUnmatched":0,"filesUpdated":0,"matched":0,"total":0,"unchecked":0,"uncheckedKeysByFile":[],"unmatched":0,"updated":0},"startTime":1766737301079,"success":false,"testResults":[{"assertionResults":[{"ancestorTitles":["CursorCLI process-group termination"],"duration":104,"failureDetails":[{"name":"TSError","diagnosticText":"\u001b[96msrc/cursor-cli.ts\u001b[0m:\u001b[93m381\u001b[0m:\u001b[93m27\u001b[0m - \u001b[91merror\u001b[0m\u001b[90m TS18048: \u001b[0m'child' is possibly 'undefined'.\n\n\u001b[7m381\u001b[0m             if ('kill' in child && typeof child.kill === 'function') {\n\u001b[7m   \u001b[0m \u001b[91m                          ~~~~~\u001b[0m\n","diagnosticCodes":[18048]}],"failureMessages":[""],"fullName":"CursorCLI process-group termination spawns cursor-cli detached on POSIX so we can kill the process group","invocations":1,"location":null,"numPassingAsserts":0,"retryReasons":[],"status":"failed","title":"spawns cursor-cli detached on POSIX so we can kill the process group"},{"ancestorTitles":["CursorCLI process-group termination"],"duration":12,"failureDetails":[{"name":"TSError","diagnosticText":"\u001b[96msrc/cursor-cli.ts\u001b[0m:\u001b[93m381\u001b[0m:\u001b[93m27\u001b[0m - \u001b[91merror\u001b[0m\u001b[90m TS18048: \u001b[0m'child' is possibly 'undefined'.\n\n\u001b[7m381\u001b[0m             if ('kill' in child && typeof child.kill === 'function') {\n\u001b[7m   \u001b[0m \u001b[91m                          ~~~~~\u001b[0m\n","diagnosticCodes":[18048]}],"failureMessages":[""],"fullName":"CursorCLI process-group termination kills the cursor-cli process group on hard timeout (SIGTERM then SIGKILL)","invocations":1,"location":null,"numPassingAsserts":0,"retryReasons":[],"status":"failed","title":"kills the cursor-cli process group on hard timeout (SIGTERM then SIGKILL)"},{"ancestorTitles":["CursorCLI process-group termination"],"duration":9,"failureDetails":[{"name":"TSError","diagnosticText":"\u001b[96msrc/cursor-cli.ts\u001b[0m:\u001b[93m381\u001b[0m:\u001b[93m27\u001b[0m - \u001b[91merror\u001b[0m\u001b[90m TS18048: \u001b[0m'child' is possibly 'undefined'.\n\n\u001b[7m381\u001b[0m             if ('kill' in child && typeof child.kill === 'function') {\n\u001b[7m   \u001b[0m \u001b[91m                          ~~~~~\u001b[0m\n","diagnosticCodes":[18048]}],"failureMessages":[""],"fullName":"CursorCLI process-group termination kills the cursor-cli process group on idle timeout (no output)","invocations":1,"location":null,"numPassingAsserts":0,"retryReasons":[],"status":"failed","title":"kills the cursor-cli process group on idle timeout (no output)"},{"ancestorTitles":["CursorCLI process-group termination"],"duration":10,"failureDetails":[{"name":"TSError","diagnosticText":"\u001b[96msrc/cursor-cli.ts\u001b[0m:\u001b[93m381\u001b[0m:\u001b[93m27\u001b[0m - \u001b[91merror\u001b[0m\u001b[90m TS18048: \u001b[0m'child' is possibly 'undefined'.\n\n\u001b[7m381\u001b[0m             if ('kill' in child && typeof child.kill === 'function') {\n\u001b[7m   \u001b[0m \u001b[91m                          ~~~~~\u001b[0m\n","diagnosticCodes":[18048]}],"failureMessages":[""],"fullName":"CursorCLI process-group termination kills the cursor-cli process group when output size exceeds the limit","invocations":1,"location":null,"numPassingAsserts":0,"retryReasons":[],"status":"failed","title":"kills the cursor-cli process group when output size exceeds the limit"}],"endTime":1766737301956,"message":"  ● CursorCLI process-group termination › spawns cursor-cli detached on POSIX so we can kill the process group\n\n\n\n\n\n  ● CursorCLI process-group termination › kills the cursor-cli process group on hard timeout (SIGTERM then SIGKILL)\n\n\n\n\n\n  ● CursorCLI process-group termination › kills the cursor-cli process group on idle timeout (no output)\n\n\n\n\n\n  ● CursorCLI process-group termination › kills the cursor-cli process group when output size exceeds the limit\n\n\n\n\n","name":"/Users/jarekbird/Documents/cursor-working-directory/cursor-runner/tests/cursor-cli-process-group-kill.test.ts","startTime":1766737301206,"status":"failed","summary":""}],"wasInterrupted":false}
